<?xml version="1.0" encoding="UTF-8"?>
<!-- Generated by org.testng.reporters.JUnitXMLReporter -->
<testsuite ignored="0" hostname="LTIN179982" failures="1" tests="30" name="Chrome Test" time="241.837" errors="0" timestamp="2024-03-27T15:23:05 IST">
  <testcase classname="policybazaar.tests.TravelInsuranceTests" name="navigateToTravelInsurance" time="11.205"/>
  <testcase classname="policybazaar.tests.TravelInsuranceTests" name="searchWithoutSelectingCountry" time="0.433"/>
  <testcase classname="policybazaar.tests.TravelInsuranceTests" name="validateSearchSuggestions" time="0.002"/>
  <testcase classname="policybazaar.tests.TravelInsuranceTests" name="validateCountrySelection" time="11.866"/>
  <testcase classname="policybazaar.tests.TravelInsuranceTests" name="validateRemovingCountrySelection" time="10.792"/>
  <testcase classname="policybazaar.tests.TravelInsuranceTests" name="validateCountrySearch" time="21.15"/>
  <testcase classname="policybazaar.tests.TravelInsuranceTests" name="searchWithoutDateSelection" time="0.268"/>
  <testcase classname="policybazaar.tests.TravelInsuranceTests" name="selectInvalidStartDate" time="0.563"/>
  <testcase classname="policybazaar.tests.TravelInsuranceTests" name="searchWithValidDates" time="12.97"/>
  <testcase classname="policybazaar.tests.TravelInsuranceTests" name="validateTravellerNumberSelection" time="0.262"/>
  <testcase classname="policybazaar.tests.TravelInsuranceTests" name="searchWithoutTravellerAge" time="0.193"/>
  <testcase classname="policybazaar.tests.TravelInsuranceTests" name="searchWithTravellersAge" time="11.719"/>
  <testcase classname="policybazaar.tests.TravelInsuranceTests" name="searchWithoutMedicalConditionDetail" time="0.218"/>
  <testcase classname="policybazaar.tests.TravelInsuranceTests" name="searchWithMedicalConditionDetail" time="0.375"/>
  <testcase classname="policybazaar.tests.TravelInsuranceTests" name="searchWithoutPhoneNumber" time="0.239"/>
  <testcase classname="policybazaar.tests.TravelInsuranceTests" name="searchWithInvalidPhoneNumber" time="0.678"/>
  <testcase classname="policybazaar.tests.TravelInsuranceTests" name="searchWithValidPhoneNumber" time="11.032"/>
  <testcase classname="policybazaar.tests.TravelInsuranceTests" name="validateStudentFilterWithoutPlanDetail" time="1.98"/>
  <testcase classname="policybazaar.tests.TravelInsuranceTests" name="validatePlanTypeDetailsSubmission" time="1.497"/>
  <testcase classname="policybazaar.tests.TravelInsuranceTests" name="validateSortingResults" time="3.952">
    <failure type="org.openqa.selenium.StaleElementReferenceException" message="stale element reference: stale element not found
  (Session info: chrome=121.0.6167.86)
For documentation on this error, please visit: https://www.selenium.dev/documentation/webdriver/troubleshooting/errors#stale-element-reference-exception
Build info: version: &amp;apos;4.18.0&amp;apos;, revision: &amp;apos;b6bf9de7cc*&amp;apos;
System info: os.name: &amp;apos;Windows 11&amp;apos;, os.arch: &amp;apos;amd64&amp;apos;, os.version: &amp;apos;10.0&amp;apos;, java.version: &amp;apos;17.0.9&amp;apos;
Driver info: org.openqa.selenium.chrome.ChromeDriver
Command: [db3ded21448ed53e4f81759a5bcdc7c4, executeScript {script=arguments[0].scrollIntoView({block : &amp;apos;center&amp;apos;});, args=[{element-6066-11e4-a52e-4f735466cecf=E70571F205D8CCFEFC8A4E6813B1A4C4_element_910}]}]
Capabilities {acceptInsecureCerts: false, browserName: chrome, browserVersion: 121.0.6167.86, chrome: {chromedriverVersion: 121.0.6167.184 (057a8ae7deb..., userDataDir: C:\Windows\SystemTemp\scope...}, fedcm:accounts: true, goog:chromeOptions: {debuggerAddress: localhost:51022}, networkConnectionEnabled: false, pageLoadStrategy: normal, platformName: windows, proxy: Proxy(), se:cdp: ws://localhost:51022/devtoo..., se:cdpVersion: 121.0.6167.86, setWindowRect: true, strictFileInteractability: false, timeouts: {implicit: 0, pageLoad: 300000, script: 30000}, unhandledPromptBehavior: dismiss and notify, webauthn:extension:credBlob: true, webauthn:extension:largeBlob: true, webauthn:extension:minPinLength: true, webauthn:extension:prf: true, webauthn:virtualAuthenticators: true}
Session ID: db3ded21448ed53e4f81759a5bcdc7c4">
      <![CDATA[org.openqa.selenium.StaleElementReferenceException: stale element reference: stale element not found
  (Session info: chrome=121.0.6167.86)
For documentation on this error, please visit: https://www.selenium.dev/documentation/webdriver/troubleshooting/errors#stale-element-reference-exception
Build info: version: '4.18.0', revision: 'b6bf9de7cc*'
System info: os.name: 'Windows 11', os.arch: 'amd64', os.version: '10.0', java.version: '17.0.9'
Driver info: org.openqa.selenium.chrome.ChromeDriver
Command: [db3ded21448ed53e4f81759a5bcdc7c4, executeScript {script=arguments[0].scrollIntoView({block : 'center'});, args=[{element-6066-11e4-a52e-4f735466cecf=E70571F205D8CCFEFC8A4E6813B1A4C4_element_910}]}]
Capabilities {acceptInsecureCerts: false, browserName: chrome, browserVersion: 121.0.6167.86, chrome: {chromedriverVersion: 121.0.6167.184 (057a8ae7deb..., userDataDir: C:\Windows\SystemTemp\scope...}, fedcm:accounts: true, goog:chromeOptions: {debuggerAddress: localhost:51022}, networkConnectionEnabled: false, pageLoadStrategy: normal, platformName: windows, proxy: Proxy(), se:cdp: ws://localhost:51022/devtoo..., se:cdpVersion: 121.0.6167.86, setWindowRect: true, strictFileInteractability: false, timeouts: {implicit: 0, pageLoad: 300000, script: 30000}, unhandledPromptBehavior: dismiss and notify, webauthn:extension:credBlob: true, webauthn:extension:largeBlob: true, webauthn:extension:minPinLength: true, webauthn:extension:prf: true, webauthn:virtualAuthenticators: true}
Session ID: db3ded21448ed53e4f81759a5bcdc7c4
at org.openqa.selenium.remote.ErrorCodec.decode(ErrorCodec.java:167)
at org.openqa.selenium.remote.codec.w3c.W3CHttpResponseCodec.decode(W3CHttpResponseCodec.java:138)
at org.openqa.selenium.remote.codec.w3c.W3CHttpResponseCodec.decode(W3CHttpResponseCodec.java:50)
at org.openqa.selenium.remote.HttpCommandExecutor.execute(HttpCommandExecutor.java:190)
at org.openqa.selenium.remote.service.DriverCommandExecutor.invokeExecute(DriverCommandExecutor.java:216)
at org.openqa.selenium.remote.service.DriverCommandExecutor.execute(DriverCommandExecutor.java:174)
at org.openqa.selenium.remote.RemoteWebDriver.execute(RemoteWebDriver.java:519)
at org.openqa.selenium.remote.RemoteWebDriver.executeScript(RemoteWebDriver.java:464)
at policybazaar.pageactions.PageActions.scrollToElement(PageActions.java:18)
at policybazaar.pageobjects.TravelInsurance.collectInsuranceDetails(TravelInsurance.java:420)
at policybazaar.tests.TravelInsuranceTests.validateSortingResults(TravelInsuranceTests.java:172)
at java.base/java.util.ArrayList.forEach(ArrayList.java:1511)
... Removed 33 stack frames]]>
    </failure>
  </testcase> <!-- validateSortingResults -->
  <testcase classname="policybazaar.tests.CarInsuranceTests" name="navigateToCarInsurance" time="44.143"/>
  <testcase classname="policybazaar.tests.CarInsuranceTests" name="searchWithoutCarNumber" time="0.572"/>
  <testcase classname="policybazaar.tests.CarInsuranceTests" name="searchWithInvalidCarNumber" time="0.536"/>
  <testcase classname="policybazaar.tests.CarInsuranceTests" name="searchWithValidCarNumber" time="10.485"/>
  <testcase classname="policybazaar.tests.CarInsuranceTests" name="searchWithoutUserDetails" time="1.103"/>
  <testcase classname="policybazaar.tests.CarInsuranceTests" name="searchWithInvalidName" time="1.216"/>
  <testcase classname="policybazaar.tests.CarInsuranceTests" name="searchWithInvalidEmail" time="1.39"/>
  <testcase classname="policybazaar.tests.CarInsuranceTests" name="searchWithInvalidNumber" time="1.477"/>
  <testcase classname="policybazaar.tests.CarInsuranceTests" name="searchWithValidDetails" time="11.963"/>
  <testcase classname="policybazaar.tests.HealthInsuranceTests" name="validateHeathInsuranceMenu" time="10.216"/>
</testsuite> <!-- Chrome Test -->
