<?xml version="1.0" encoding="UTF-8"?>
<!-- Generated by org.testng.reporters.JUnitXMLReporter -->
<testsuite ignored="8" hostname="LTIN179982" failures="0" tests="1" name="Default test" time="0.218" errors="0" timestamp="2024-03-26T23:46:04 IST">
  <testcase classname="policybazaar.baseclass.BaseClass" name="@BeforeClass createDriver" time="-1.711476964808E9">
    <failure type="org.testng.TestNGException" message="
Parameter &amp;apos;browser&amp;apos; is required by BeforeClass on method createDriver but has not been marked @Optional or defined
in C:\Users\2318306\AppData\Local\Temp\testng-eclipse--591081837\testng-customsuite.xml">
      <![CDATA[org.testng.TestNGException: 
Parameter 'browser' is required by BeforeClass on method createDriver but has not been marked @Optional or defined
in C:\Users\2318306\AppData\Local\Temp\testng-eclipse--591081837\testng-customsuite.xml
at org.testng.internal.Parameters.createParams(Parameters.java:267)
at org.testng.internal.Parameters.createParametersForMethod(Parameters.java:355)
at org.testng.internal.Parameters.createParameters(Parameters.java:684)
at org.testng.internal.Parameters.createConfigurationParameters(Parameters.java:166)
at org.testng.internal.invokers.ConfigInvoker.invokeConfigurations(ConfigInvoker.java:306)
at org.testng.internal.invokers.TestMethodWorker.invokeBeforeClassMethods(TestMethodWorker.java:180)
at org.testng.internal.invokers.TestMethodWorker.run(TestMethodWorker.java:122)
at java.base/java.util.ArrayList.forEach(ArrayList.java:1511)
at org.testng.TestRunner.privateRun(TestRunner.java:848)
at org.testng.TestRunner.run(TestRunner.java:621)
at org.testng.SuiteRunner.runTest(SuiteRunner.java:443)
at org.testng.SuiteRunner.runSequentially(SuiteRunner.java:437)
at org.testng.SuiteRunner.privateRun(SuiteRunner.java:397)
at org.testng.SuiteRunner.run(SuiteRunner.java:336)
at org.testng.SuiteRunnerWorker.runSuite(SuiteRunnerWorker.java:52)
at org.testng.SuiteRunnerWorker.run(SuiteRunnerWorker.java:95)
at org.testng.TestNG.runSuitesSequentially(TestNG.java:1280)
at org.testng.TestNG.runSuitesLocally(TestNG.java:1200)
at org.testng.TestNG.runSuites(TestNG.java:1114)
at org.testng.TestNG.run(TestNG.java:1082)
at org.testng.remote.AbstractRemoteTestNG.run(AbstractRemoteTestNG.java:115)
at org.testng.remote.RemoteTestNG.initAndRun(RemoteTestNG.java:251)
at org.testng.remote.RemoteTestNG.main(RemoteTestNG.java:77)
]]>
    </failure>
  </testcase> <!-- @BeforeClass createDriver -->
  <testcase classname="policybazaar.tests.CarInsuranceTests" name="@BeforeClass initCarInsurancePage" time="0.0">
    <skipped/>
  </testcase> <!-- @BeforeClass initCarInsurancePage -->
  <testcase classname="policybazaar.tests.CarInsuranceTests" name="@AfterClass teardown" time="0.0">
    <skipped/>
  </testcase> <!-- @AfterClass teardown -->
  <testcase classname="policybazaar.tests.CarInsuranceTests" name="navigateToCarInsurance" time="0.001">
    <skipped/>
  </testcase> <!-- navigateToCarInsurance -->
  <testcase classname="policybazaar.tests.CarInsuranceTests" name="searchWithInvalidNumber" time="0.0">
    <ignored/>
  </testcase> <!-- searchWithInvalidNumber -->
  <testcase classname="policybazaar.tests.CarInsuranceTests" name="searchWithInvalidCarNumber" time="0.0">
    <ignored/>
  </testcase> <!-- searchWithInvalidCarNumber -->
  <testcase classname="policybazaar.tests.CarInsuranceTests" name="searchWithoutCarNumber" time="0.0">
    <ignored/>
  </testcase> <!-- searchWithoutCarNumber -->
  <testcase classname="policybazaar.tests.CarInsuranceTests" name="searchWithValidCarNumber" time="0.0">
    <ignored/>
  </testcase> <!-- searchWithValidCarNumber -->
  <testcase classname="policybazaar.tests.CarInsuranceTests" name="searchWithInvalidName" time="0.0">
    <ignored/>
  </testcase> <!-- searchWithInvalidName -->
  <testcase classname="policybazaar.tests.CarInsuranceTests" name="searchWithInvalidEmail" time="0.0">
    <ignored/>
  </testcase> <!-- searchWithInvalidEmail -->
  <testcase classname="policybazaar.tests.CarInsuranceTests" name="searchWithValidDetails" time="0.0">
    <ignored/>
  </testcase> <!-- searchWithValidDetails -->
  <testcase classname="policybazaar.tests.CarInsuranceTests" name="searchWithoutUserDetails" time="0.0">
    <ignored/>
  </testcase> <!-- searchWithoutUserDetails -->
</testsuite> <!-- Default test -->
